<?xml version="1.0" encoding="UTF-8"?>
<testng-results ignored="0" total="1" passed="0" failed="1" skipped="0">
  <reporter-output>
  </reporter-output>
  <suite started-at="2022-04-15T23:02:29 EDT" name="Default suite" finished-at="2022-04-15T23:02:31 EDT" duration-ms="1553">
    <groups>
      <group name="cucumber">
        <method signature="AbstractTestNGCucumberTests.runScenario(io.cucumber.testng.PickleWrapper,io.cucumber.testng.FeatureWrapper)[pri:0, instance:test.my.runner.TestRunner@169e6180]" name="runScenario" class="io.cucumber.testng.AbstractTestNGCucumberTests"/>
      </group> <!-- cucumber -->
    </groups>
    <test started-at="2022-04-15T23:02:29 EDT" name="Default test" finished-at="2022-04-15T23:02:31 EDT" duration-ms="1553">
      <class name="test.my.runner.TestRunner">
        <test-method is-config="true" signature="setUpClass()[pri:0, instance:test.my.runner.TestRunner@169e6180]" started-at="2022-04-15T23:02:29 EDT" name="setUpClass" finished-at="2022-04-15T23:02:30 EDT" duration-ms="709" status="PASS">
          <reporter-output>
          </reporter-output>
        </test-method> <!-- setUpClass -->
        <test-method signature="runScenario(io.cucumber.testng.PickleWrapper,io.cucumber.testng.FeatureWrapper)[pri:0, instance:test.my.runner.TestRunner@169e6180]" started-at="2022-04-15T23:02:30 EDT" name="runScenario" description="Runs Cucumber Scenarios" data-provider="scenarios" finished-at="2022-04-15T23:02:31 EDT" duration-ms="493" status="FAIL">
          <params>
            <param index="0">
              <value>
                <![CDATA["user able to sign in and verify the user information"]]>
              </value>
            </param>
            <param index="1">
              <value>
                <![CDATA["Optional[User able to login to the orangeHRM application]"]]>
              </value>
            </param>
          </params>
          <exception class="java.lang.IllegalStateException">
            <message>
              <![CDATA[The driver is not executable: /Users/hhh/git/AutomationTests/TestAutomation/./Drivers/chromedriver.exe]]>
            </message>
            <full-stacktrace>
              <![CDATA[java.lang.IllegalStateException: The driver is not executable: /Users/hhh/git/AutomationTests/TestAutomation/./Drivers/chromedriver.exe
at com.google.common.base.Preconditions.checkState(Preconditions.java:585)
at org.openqa.selenium.remote.service.DriverService.checkExecutable(DriverService.java:150)
at org.openqa.selenium.remote.service.DriverService.findExecutable(DriverService.java:141)
at org.openqa.selenium.chrome.ChromeDriverService.access$000(ChromeDriverService.java:35)
at org.openqa.selenium.chrome.ChromeDriverService$Builder.findDefaultExecutable(ChromeDriverService.java:159)
at org.openqa.selenium.remote.service.DriverService$Builder.build(DriverService.java:355)
at org.openqa.selenium.chrome.ChromeDriverService.createDefaultService(ChromeDriverService.java:94)
at org.openqa.selenium.chrome.ChromeDriver.<init>(ChromeDriver.java:123)
at step.definitions.StepDefs.user_able_to_open_the_browser(StepDefs.java:18)
at ✽.user able to open the browser(file:///Users/hhh/git/AutomationTests/TestAutomation/./Features/OrangeLogin.feature:7)
]]>
            </full-stacktrace>
          </exception> <!-- java.lang.IllegalStateException -->
          <reporter-output>
          </reporter-output>
        </test-method> <!-- runScenario -->
        <test-method is-config="true" signature="tearDownClass()[pri:0, instance:test.my.runner.TestRunner@169e6180]" started-at="2022-04-15T23:02:31 EDT" name="tearDownClass" finished-at="2022-04-15T23:02:31 EDT" duration-ms="280" status="PASS">
          <reporter-output>
          </reporter-output>
        </test-method> <!-- tearDownClass -->
      </class> <!-- test.my.runner.TestRunner -->
    </test> <!-- Default test -->
  </suite> <!-- Default suite -->
</testng-results>
