<?xml version="1.0" encoding="UTF-8"?>
<testng-results ignored="0" total="1" passed="1" failed="0" skipped="0">
  <reporter-output>
  </reporter-output>
  <suite started-at="2022-03-24T21:42:26 EDT" name="Suite1" finished-at="2022-03-24T21:42:32 EDT" duration-ms="5551">
    <groups>
      <group name="cucumber">
        <method signature="AbstractTestNGCucumberTests.runScenario(io.cucumber.testng.PickleWrapper,io.cucumber.testng.FeatureWrapper)[pri:0, instance:test.my.runner.TestRunner@25fb8912]" name="runScenario" class="io.cucumber.testng.AbstractTestNGCucumberTests"/>
      </group> <!-- cucumber -->
    </groups>
    <test started-at="2022-03-24T21:42:26 EDT" name="Nopackage" finished-at="2022-03-24T21:42:32 EDT" duration-ms="5551">
      <class name="test.my.runner.TestRunner">
        <test-method is-config="true" signature="setUpClass()[pri:0, instance:test.my.runner.TestRunner@25fb8912]" started-at="2022-03-24T21:42:26 EDT" name="setUpClass" finished-at="2022-03-24T21:42:27 EDT" duration-ms="741" status="PASS">
          <reporter-output>
          </reporter-output>
        </test-method> <!-- setUpClass -->
        <test-method signature="runScenario(io.cucumber.testng.PickleWrapper,io.cucumber.testng.FeatureWrapper)[pri:0, instance:test.my.runner.TestRunner@25fb8912]" started-at="2022-03-24T21:42:27 EDT" name="runScenario" description="Runs Cucumber Scenarios" data-provider="scenarios" finished-at="2022-03-24T21:42:32 EDT" duration-ms="4698" status="PASS">
          <params>
            <param index="0">
              <value>
                <![CDATA["user able to sign in and verify the user information"]]>
              </value>
            </param>
            <param index="1">
              <value>
                <![CDATA["Optional[User able to login to the orangeHRM application]"]]>
              </value>
            </param>
          </params>
          <reporter-output>
          </reporter-output>
        </test-method> <!-- runScenario -->
        <test-method is-config="true" signature="tearDownClass()[pri:0, instance:test.my.runner.TestRunner@25fb8912]" started-at="2022-03-24T21:42:32 EDT" name="tearDownClass" finished-at="2022-03-24T21:42:32 EDT" duration-ms="26" status="PASS">
          <reporter-output>
          </reporter-output>
        </test-method> <!-- tearDownClass -->
      </class> <!-- test.my.runner.TestRunner -->
    </test> <!-- Nopackage -->
  </suite> <!-- Suite1 -->
</testng-results>
