<?xml version="1.0" encoding="UTF-8"?>
<testng-results ignored="0" total="1" passed="1" failed="0" skipped="0">
  <reporter-output>
  </reporter-output>
  <suite started-at="2022-04-16T01:41:22 EDT" name="Test" finished-at="2022-04-16T01:41:34 EDT" duration-ms="12022">
    <groups>
      <group name="cucumber">
        <method signature="AbstractTestNGCucumberTests.runScenario(io.cucumber.testng.PickleWrapper,io.cucumber.testng.FeatureWrapper)[pri:0, instance:com.my.runner.MyRunner@25fb8912]" name="runScenario" class="io.cucumber.testng.AbstractTestNGCucumberTests"/>
      </group> <!-- cucumber -->
    </groups>
    <test started-at="2022-04-16T01:41:22 EDT" name="Tutorialspoint" finished-at="2022-04-16T01:41:34 EDT" duration-ms="12022">
      <class name="com.my.runner.MyRunner">
        <test-method is-config="true" signature="setUpClass()[pri:0, instance:com.my.runner.MyRunner@25fb8912]" started-at="2022-04-16T01:41:22 EDT" name="setUpClass" finished-at="2022-04-16T01:41:22 EDT" duration-ms="767" status="PASS">
          <reporter-output>
          </reporter-output>
        </test-method> <!-- setUpClass -->
        <test-method signature="runScenario(io.cucumber.testng.PickleWrapper,io.cucumber.testng.FeatureWrapper)[pri:0, instance:com.my.runner.MyRunner@25fb8912]" started-at="2022-04-16T01:41:22 EDT" name="runScenario" description="Runs Cucumber Scenarios" data-provider="scenarios" finished-at="2022-04-16T01:41:34 EDT" duration-ms="11145" status="PASS">
          <params>
            <param index="0">
              <value>
                <![CDATA["user able to sign in and verify the user information"]]>
              </value>
            </param>
            <param index="1">
              <value>
                <![CDATA["Optional[User able to login to the orangeHRM application]"]]>
              </value>
            </param>
          </params>
          <reporter-output>
          </reporter-output>
        </test-method> <!-- runScenario -->
        <test-method is-config="true" signature="tearDownClass()[pri:0, instance:com.my.runner.MyRunner@25fb8912]" started-at="2022-04-16T01:41:34 EDT" name="tearDownClass" finished-at="2022-04-16T01:41:34 EDT" duration-ms="33" status="PASS">
          <reporter-output>
          </reporter-output>
        </test-method> <!-- tearDownClass -->
      </class> <!-- com.my.runner.MyRunner -->
    </test> <!-- Tutorialspoint -->
  </suite> <!-- Test -->
</testng-results>
